<?xml version="1.0" encoding="UTF-8"?>
<!-- Generated by org.testng.reporters.JUnitXMLReporter -->
<testsuite ignored="0" hostname="Punyas-MacBook-Air.local" failures="1" tests="3" name="AmazonFullFlow" time="22.303" errors="0" timestamp="2025-05-27T09:38:30 IST">
  <testcase classname="TestAmazon_.AmazonRegisterTest" name="registerOnAmazon" time="4.342"/>
  <testcase classname="TestAmazon_.AmazonSignin" name="signInToAmazon" time="8.402"/>
  <testcase classname="TestAmazon_.AmazonTestSearch" name="searchAndAddToCartAndBuy" time="1.491">
    <failure type="java.lang.NullPointerException" message="Cannot invoke &amp;quot;org.openqa.selenium.WebDriver.findElement(org.openqa.selenium.By)&amp;quot; because &amp;quot;driver&amp;quot; is null">
      <![CDATA[java.lang.NullPointerException: Cannot invoke "org.openqa.selenium.WebDriver.findElement(org.openqa.selenium.By)" because "driver" is null
at org.openqa.selenium.support.ui.ExpectedConditions$7.apply(ExpectedConditions.java:194)
at org.openqa.selenium.support.ui.ExpectedConditions$7.apply(ExpectedConditions.java:190)
at org.openqa.selenium.support.ui.FluentWait.until(FluentWait.java:203)
at TestAmazon_.AmazonTestSearch.searchAndAddToCartAndBuy(AmazonTestSearch.java:28)
at java.base/java.util.ArrayList.forEach(ArrayList.java:1511)
... Removed 27 stack frames]]>
    </failure>
  </testcase> <!-- searchAndAddToCartAndBuy -->
</testsuite> <!-- AmazonFullFlow -->
