<?xml version="1.0" encoding="UTF-8"?>
<testng-results ignored="0" total="1" passed="1" failed="0" skipped="0">
  <reporter-output>
  </reporter-output>
  <suite started-at="2025-05-28T11:46:38 IST" name="Default suite" finished-at="2025-05-28T11:47:18 IST" duration-ms="39581">
    <groups>
    </groups>
    <test started-at="2025-05-28T11:46:38 IST" name="Default test" finished-at="2025-05-28T11:47:18 IST" duration-ms="39581">
      <class name="TestAmazon_.AmazonSignin">
        <test-method is-config="true" signature="setUp()[pri:0, instance:TestAmazon_.AmazonSignin@14028087]" started-at="2025-05-28T11:46:38 IST" name="setUp" finished-at="2025-05-28T11:46:42 IST" duration-ms="3608" status="PASS">
          <reporter-output>
          </reporter-output>
        </test-method> <!-- setUp -->
        <test-method signature="signInAndAddToCart()[pri:0, instance:TestAmazon_.AmazonSignin@14028087]" started-at="2025-05-28T11:46:42 IST" name="signInAndAddToCart" finished-at="2025-05-28T11:47:18 IST" duration-ms="35906" status="PASS">
          <reporter-output>
          </reporter-output>
        </test-method> <!-- signInAndAddToCart -->
        <test-method is-config="true" signature="tearDown()[pri:0, instance:TestAmazon_.AmazonSignin@14028087]" started-at="2025-05-28T11:47:18 IST" name="tearDown" finished-at="2025-05-28T11:47:18 IST" duration-ms="3" status="PASS">
          <reporter-output>
          </reporter-output>
        </test-method> <!-- tearDown -->
      </class> <!-- TestAmazon_.AmazonSignin -->
    </test> <!-- Default test -->
  </suite> <!-- Default suite -->
</testng-results>
