<?xml version="1.0" encoding="UTF-8"?>
<testng-results ignored="0" total="3" passed="2" failed="1" skipped="0">
  <reporter-output>
  </reporter-output>
  <suite started-at="2025-05-27T15:00:52 IST" name="AmazonTestSuite" finished-at="2025-05-27T15:01:12 IST" duration-ms="19538">
    <groups>
    </groups>
    <test started-at="2025-05-27T15:00:52 IST" name="AmazonFullFlow" finished-at="2025-05-27T15:01:12 IST" duration-ms="19538">
      <class name="TestAmazon_.AmazonTestSearch">
        <test-method signature="searchAndAddToCartAndBuy()[pri:0, instance:TestAmazon_.AmazonTestSearch@183ec003]" started-at="2025-05-27T15:01:08 IST" name="searchAndAddToCartAndBuy" finished-at="2025-05-27T15:01:11 IST" duration-ms="3055" status="FAIL">
          <exception class="java.lang.NullPointerException">
            <message>
              <![CDATA[Cannot invoke "org.openqa.selenium.WebDriver.findElement(org.openqa.selenium.By)" because "driver" is null]]>
            </message>
            <full-stacktrace>
              <![CDATA[java.lang.NullPointerException: Cannot invoke "org.openqa.selenium.WebDriver.findElement(org.openqa.selenium.By)" because "driver" is null
at org.openqa.selenium.support.ui.ExpectedConditions$7.apply(ExpectedConditions.java:194)
at org.openqa.selenium.support.ui.ExpectedConditions$7.apply(ExpectedConditions.java:190)
at org.openqa.selenium.support.ui.ExpectedConditions$22.apply(ExpectedConditions.java:627)
at org.openqa.selenium.support.ui.ExpectedConditions$22.apply(ExpectedConditions.java:624)
at org.openqa.selenium.support.ui.FluentWait.until(FluentWait.java:203)
at TestAmazon_.AmazonTestSearch.searchAndAddToCartAndBuy(AmazonTestSearch.java:40)
at java.base/jdk.internal.reflect.NativeMethodAccessorImpl.invoke0(Native Method)
at java.base/jdk.internal.reflect.NativeMethodAccessorImpl.invoke(NativeMethodAccessorImpl.java:77)
at java.base/jdk.internal.reflect.DelegatingMethodAccessorImpl.invoke(DelegatingMethodAccessorImpl.java:43)
at java.base/java.lang.reflect.Method.invoke(Method.java:568)
at org.testng.internal.invokers.MethodInvocationHelper.invokeMethod(MethodInvocationHelper.java:141)
at org.testng.internal.invokers.TestInvoker.invokeMethod(TestInvoker.java:687)
at org.testng.internal.invokers.TestInvoker.invokeTestMethod(TestInvoker.java:230)
at org.testng.internal.invokers.MethodRunner.runInSequence(MethodRunner.java:63)
at org.testng.internal.invokers.TestInvoker$MethodInvocationAgent.invoke(TestInvoker.java:995)
at org.testng.internal.invokers.TestInvoker.invokeTestMethods(TestInvoker.java:203)
at org.testng.internal.invokers.TestMethodWorker.invokeTestMethods(TestMethodWorker.java:154)
at org.testng.internal.invokers.TestMethodWorker.run(TestMethodWorker.java:134)
at java.base/java.util.ArrayList.forEach(ArrayList.java:1511)
at org.testng.TestRunner.privateRun(TestRunner.java:741)
at org.testng.TestRunner.run(TestRunner.java:616)
at org.testng.SuiteRunner.runTest(SuiteRunner.java:421)
at org.testng.SuiteRunner.runSequentially(SuiteRunner.java:413)
at org.testng.SuiteRunner.privateRun(SuiteRunner.java:373)
at org.testng.SuiteRunner.run(SuiteRunner.java:312)
at org.testng.SuiteRunnerWorker.runSuite(SuiteRunnerWorker.java:52)
at org.testng.SuiteRunnerWorker.run(SuiteRunnerWorker.java:95)
at org.testng.TestNG.runSuitesSequentially(TestNG.java:1274)
at org.testng.TestNG.runSuitesLocally(TestNG.java:1208)
at org.testng.TestNG.runSuites(TestNG.java:1112)
at org.testng.TestNG.run(TestNG.java:1079)
at org.testng.remote.AbstractRemoteTestNG.run(AbstractRemoteTestNG.java:115)
at org.testng.remote.RemoteTestNG.initAndRun(RemoteTestNG.java:293)
at org.testng.remote.RemoteTestNG.main(RemoteTestNG.java:91)
]]>
            </full-stacktrace>
          </exception> <!-- java.lang.NullPointerException -->
          <reporter-output>
          </reporter-output>
        </test-method> <!-- searchAndAddToCartAndBuy -->
        <test-method is-config="true" signature="setUp()[pri:0, instance:TestAmazon_.AmazonTestSearch@183ec003]" started-at="2025-05-27T15:01:08 IST" name="setUp" finished-at="2025-05-27T15:01:08 IST" duration-ms="0" status="PASS">
          <reporter-output>
          </reporter-output>
        </test-method> <!-- setUp -->
        <test-method is-config="true" signature="tearDown()[pri:0, instance:TestAmazon_.AmazonTestSearch@183ec003]" started-at="2025-05-27T15:01:11 IST" name="tearDown" finished-at="2025-05-27T15:01:12 IST" duration-ms="596" status="PASS">
          <reporter-output>
          </reporter-output>
        </test-method> <!-- tearDown -->
      </class> <!-- TestAmazon_.AmazonTestSearch -->
      <class name="TestAmazon_.AmazonSignin">
        <test-method is-config="true" signature="setUp()[pri:0, instance:TestAmazon_.AmazonSignin@7c137fd5]" started-at="2025-05-27T15:01:01 IST" name="setUp" finished-at="2025-05-27T15:01:01 IST" duration-ms="1" status="PASS">
          <reporter-output>
          </reporter-output>
        </test-method> <!-- setUp -->
        <test-method signature="signInToAmazon()[pri:0, instance:TestAmazon_.AmazonSignin@7c137fd5]" started-at="2025-05-27T15:01:01 IST" name="signInToAmazon" finished-at="2025-05-27T15:01:08 IST" duration-ms="7693" status="PASS">
          <reporter-output>
          </reporter-output>
        </test-method> <!-- signInToAmazon -->
        <test-method is-config="true" signature="tearDown()[pri:0, instance:TestAmazon_.AmazonSignin@7c137fd5]" started-at="2025-05-27T15:01:08 IST" name="tearDown" finished-at="2025-05-27T15:01:08 IST" duration-ms="1" status="PASS">
          <reporter-output>
          </reporter-output>
        </test-method> <!-- tearDown -->
      </class> <!-- TestAmazon_.AmazonSignin -->
      <class name="TestAmazon_.AmazonRegisterTest">
        <test-method is-config="true" signature="setUp()[pri:0, instance:TestAmazon_.AmazonRegisterTest@7f485fda]" started-at="2025-05-27T15:00:52 IST" name="setUp" finished-at="2025-05-27T15:00:56 IST" duration-ms="3487" status="PASS">
          <reporter-output>
          </reporter-output>
        </test-method> <!-- setUp -->
        <test-method signature="registerOnAmazon()[pri:0, instance:TestAmazon_.AmazonRegisterTest@7f485fda]" started-at="2025-05-27T15:00:56 IST" name="registerOnAmazon" finished-at="2025-05-27T15:01:00 IST" duration-ms="4648" status="PASS">
          <reporter-output>
          </reporter-output>
        </test-method> <!-- registerOnAmazon -->
        <test-method is-config="true" signature="tearDown()[pri:0, instance:TestAmazon_.AmazonRegisterTest@7f485fda]" started-at="2025-05-27T15:01:01 IST" name="tearDown" finished-at="2025-05-27T15:01:01 IST" duration-ms="1" status="PASS">
          <reporter-output>
          </reporter-output>
        </test-method> <!-- tearDown -->
      </class> <!-- TestAmazon_.AmazonRegisterTest -->
    </test> <!-- AmazonFullFlow -->
  </suite> <!-- AmazonTestSuite -->
</testng-results>
